0 info it worked if it ends with ok
1 verbose cli [ 'node',
1 verbose cli   '/usr/local/bin/npm',
1 verbose cli   'install',
1 verbose cli   '-g',
1 verbose cli   'npm-check-updates' ]
2 info using npm@1.4.28
3 info using node@v0.10.35
4 verbose cache add [ 'npm-check-updates', null ]
5 verbose cache add name=undefined spec="npm-check-updates" args=["npm-check-updates",null]
6 verbose parsed url { protocol: null,
6 verbose parsed url   slashes: null,
6 verbose parsed url   auth: null,
6 verbose parsed url   host: null,
6 verbose parsed url   port: null,
6 verbose parsed url   hostname: null,
6 verbose parsed url   hash: null,
6 verbose parsed url   search: null,
6 verbose parsed url   query: null,
6 verbose parsed url   pathname: 'npm-check-updates',
6 verbose parsed url   path: 'npm-check-updates',
6 verbose parsed url   href: 'npm-check-updates' }
7 silly lockFile 1ae65091-npm-check-updates npm-check-updates
8 verbose lock npm-check-updates /Users/Texture/.npm/1ae65091-npm-check-updates.lock
9 silly lockFile 1ae65091-npm-check-updates npm-check-updates
10 silly lockFile 1ae65091-npm-check-updates npm-check-updates
11 verbose addNamed [ 'npm-check-updates', '' ]
12 verbose addNamed [ null, '*' ]
13 silly lockFile 2824db21-npm-check-updates npm-check-updates@
14 verbose lock npm-check-updates@ /Users/Texture/.npm/2824db21-npm-check-updates.lock
15 silly addNameRange { name: 'npm-check-updates', range: '*', hasData: false }
16 verbose request where is /npm-check-updates
17 verbose request registry https://registry.npmjs.org/
18 verbose request id 55bffb9a656ed53b
19 verbose url raw /npm-check-updates
20 verbose url resolving [ 'https://registry.npmjs.org/', './npm-check-updates' ]
21 verbose url resolved https://registry.npmjs.org/npm-check-updates
22 verbose request where is https://registry.npmjs.org/npm-check-updates
23 info trying registry request attempt 1 at 16:29:21
24 http GET https://registry.npmjs.org/npm-check-updates
25 http 200 https://registry.npmjs.org/npm-check-updates
26 silly registry.get cb [ 200,
26 silly registry.get   { date: 'Sat, 24 Jan 2015 00:29:22 GMT',
26 silly registry.get     server: 'CouchDB/1.5.0 (Erlang OTP/R16B03)',
26 silly registry.get     etag: '"DQIXRT66QZIMODPL7DBL46H78"',
26 silly registry.get     'content-type': 'application/json',
26 silly registry.get     'cache-control': 'max-age=60',
26 silly registry.get     'content-length': '14710',
26 silly registry.get     'accept-ranges': 'bytes',
26 silly registry.get     via: '1.1 varnish',
26 silly registry.get     age: '0',
26 silly registry.get     'x-served-by': 'cache-lax1433-LAX',
26 silly registry.get     'x-cache': 'HIT',
26 silly registry.get     'x-cache-hits': '1',
26 silly registry.get     'x-timer': 'S1422059362.162315,VS0,VE40',
26 silly registry.get     vary: 'Accept',
26 silly registry.get     'keep-alive': 'timeout=10, max=50',
26 silly registry.get     connection: 'Keep-Alive' } ]
27 silly addNameRange number 2 { name: 'npm-check-updates', range: '*', hasData: true }
28 silly addNameRange versions [ 'npm-check-updates',
28 silly addNameRange   [ '1.0.0', '1.0.1', '1.1.0', '1.1.1', '1.2.0', '1.3.0', '1.5.0' ] ]
29 verbose addNamed [ 'npm-check-updates', '1.5.0' ]
30 verbose addNamed [ '1.5.0', '1.5.0' ]
31 silly lockFile abb0e06f-npm-check-updates-1-5-0 npm-check-updates@1.5.0
32 verbose lock npm-check-updates@1.5.0 /Users/Texture/.npm/abb0e06f-npm-check-updates-1-5-0.lock
33 silly lockFile c82d3005-ates-npm-check-updates-1-5-0-tgz https://registry.npmjs.org/npm-check-updates/-/npm-check-updates-1.5.0.tgz
34 verbose lock https://registry.npmjs.org/npm-check-updates/-/npm-check-updates-1.5.0.tgz /Users/Texture/.npm/c82d3005-ates-npm-check-updates-1-5-0-tgz.lock
35 verbose addRemoteTarball [ 'https://registry.npmjs.org/npm-check-updates/-/npm-check-updates-1.5.0.tgz',
35 verbose addRemoteTarball   '99cecb1f9e8321047a90b418dfdb8828a8c0ad9c' ]
36 info retry fetch attempt 1 at 16:29:22
37 verbose fetch to= /var/folders/s0/3zsjjc3x4vgg90qnzj3z7k3h0000gn/T/npm-7921-HriOgRkS/registry.npmjs.org/npm-check-updates/-/npm-check-updates-1.5.0.tgz
38 http GET https://registry.npmjs.org/npm-check-updates/-/npm-check-updates-1.5.0.tgz
39 http 200 https://registry.npmjs.org/npm-check-updates/-/npm-check-updates-1.5.0.tgz
40 silly lockFile c82d3005-ates-npm-check-updates-1-5-0-tgz https://registry.npmjs.org/npm-check-updates/-/npm-check-updates-1.5.0.tgz
41 silly lockFile c82d3005-ates-npm-check-updates-1-5-0-tgz https://registry.npmjs.org/npm-check-updates/-/npm-check-updates-1.5.0.tgz
42 silly lockFile abb0e06f-npm-check-updates-1-5-0 npm-check-updates@1.5.0
43 silly lockFile abb0e06f-npm-check-updates-1-5-0 npm-check-updates@1.5.0
44 silly lockFile 2824db21-npm-check-updates npm-check-updates@
45 silly lockFile 2824db21-npm-check-updates npm-check-updates@
46 silly resolved [ { name: 'npm-check-updates',
46 silly resolved     version: '1.5.0',
46 silly resolved     author: { name: 'Tomas Junnonen', email: 'tomas1@gmail.com' },
46 silly resolved     description: 'Find newer versions of dependencies than what your package.json allows',
46 silly resolved     keywords:
46 silly resolved      [ 'npm',
46 silly resolved        'check',
46 silly resolved        'find',
46 silly resolved        'discover',
46 silly resolved        'updates',
46 silly resolved        'upgrades',
46 silly resolved        'dependencies',
46 silly resolved        'package.json',
46 silly resolved        'updater',
46 silly resolved        'version',
46 silly resolved        'management' ],
46 silly resolved     preferglobal: true,
46 silly resolved     main: './lib/npm-check-updates',
46 silly resolved     scripts: { test: 'mocha' },
46 silly resolved     bin: { 'npm-check-updates': './bin/npm-check-updates' },
46 silly resolved     repository:
46 silly resolved      { type: 'git',
46 silly resolved        url: 'https://github.com/tjunnone/npm-check-updates.git' },
46 silly resolved     homepage: 'https://github.com/tjunnone/npm-check-updates',
46 silly resolved     dependencies:
46 silly resolved      { async: '0.9.x',
46 silly resolved        cint: '^8.0.1',
46 silly resolved        commander: '2.5.x',
46 silly resolved        lodash: '^2.4.1',
46 silly resolved        npm: '2.1.x',
46 silly resolved        'read-package-json': '1.2.x',
46 silly resolved        semver: '4.1.x' },
46 silly resolved     devDependencies: { mocha: '^2.0.1', should: '4.3.x' },
46 silly resolved     gitHead: 'd6e290610578b802d776157532ae893369e0c689',
46 silly resolved     bugs: { url: 'https://github.com/tjunnone/npm-check-updates/issues' },
46 silly resolved     _id: 'npm-check-updates@1.5.0',
46 silly resolved     _shasum: '99cecb1f9e8321047a90b418dfdb8828a8c0ad9c',
46 silly resolved     _from: 'npm-check-updates@',
46 silly resolved     _npmVersion: '1.4.28',
46 silly resolved     _npmUser: { name: 'tjunnone', email: 'tomas1@gmail.com' },
46 silly resolved     maintainers: [ [Object] ],
46 silly resolved     dist:
46 silly resolved      { shasum: '99cecb1f9e8321047a90b418dfdb8828a8c0ad9c',
46 silly resolved        tarball: 'http://registry.npmjs.org/npm-check-updates/-/npm-check-updates-1.5.0.tgz' },
46 silly resolved     directories: {},
46 silly resolved     _resolved: 'https://registry.npmjs.org/npm-check-updates/-/npm-check-updates-1.5.0.tgz' } ]
47 info install npm-check-updates@1.5.0 into /usr/local/lib
48 info installOne npm-check-updates@1.5.0
49 verbose lib/node_modules/npm-check-updates unbuild
50 verbose tar unpack /Users/Texture/.npm/npm-check-updates/1.5.0/package.tgz
51 silly lockFile 7911e73f-b-node-modules-npm-check-updates tar:///usr/local/lib/node_modules/npm-check-updates
52 verbose lock tar:///usr/local/lib/node_modules/npm-check-updates /Users/Texture/.npm/7911e73f-b-node-modules-npm-check-updates.lock
53 silly lockFile 3ff12459--check-updates-1-5-0-package-tgz tar:///Users/Texture/.npm/npm-check-updates/1.5.0/package.tgz
54 verbose lock tar:///Users/Texture/.npm/npm-check-updates/1.5.0/package.tgz /Users/Texture/.npm/3ff12459--check-updates-1-5-0-package-tgz.lock
55 silly gunzTarPerm modes [ '755', '644' ]
56 error Error: EACCES, mkdir '/usr/local/lib/node_modules/npm-check-updates'
56 error  { [Error: EACCES, mkdir '/usr/local/lib/node_modules/npm-check-updates']
56 error   errno: 3,
56 error   code: 'EACCES',
56 error   path: '/usr/local/lib/node_modules/npm-check-updates',
56 error   fstream_type: 'Directory',
56 error   fstream_path: '/usr/local/lib/node_modules/npm-check-updates',
56 error   fstream_class: 'DirWriter',
56 error   fstream_stack:
56 error    [ '/usr/local/lib/node_modules/npm/node_modules/fstream/lib/dir-writer.js:36:23',
56 error      '/usr/local/lib/node_modules/npm/node_modules/mkdirp/index.js:46:53',
56 error      'Object.oncomplete (fs.js:108:15)' ] }
57 error Please try running this command again as root/Administrator.
58 error System Darwin 14.0.0
59 error command "node" "/usr/local/bin/npm" "install" "-g" "npm-check-updates"
60 error cwd /Library/WebServer/Documents/ethereum/ethereumorg
61 error node -v v0.10.35
62 error npm -v 1.4.28
63 error path /usr/local/lib/node_modules/npm-check-updates
64 error fstream_path /usr/local/lib/node_modules/npm-check-updates
65 error fstream_type Directory
66 error fstream_class DirWriter
67 error code EACCES
68 error errno 3
69 error stack Error: EACCES, mkdir '/usr/local/lib/node_modules/npm-check-updates'
70 error fstream_stack /usr/local/lib/node_modules/npm/node_modules/fstream/lib/dir-writer.js:36:23
70 error fstream_stack /usr/local/lib/node_modules/npm/node_modules/mkdirp/index.js:46:53
70 error fstream_stack Object.oncomplete (fs.js:108:15)
71 verbose exit [ 3, true ]
